[2025-01-07T10:50:17.563409+01:00] VideoclubLogger.INFO: Socio incluido {"socio":{"Videoclub\\Modelos\\Cliente":{"user":"prueba","nombre":"prueba"}}} []
[2025-01-07T10:50:17.564187+01:00] VideoclubLogger.INFO: Producto incluido {"producto":{"Videoclub\\Modelos\\Soportes\\CintaVideo":{"titulo":"Taxi driver","alquilado":false}}} []
[2025-01-07T10:50:17.564238+01:00] VideoclubLogger.INFO: Producto incluido {"producto":{"Videoclub\\Modelos\\Soportes\\CintaVideo":{"titulo":"Blade runner","alquilado":false}}} []
[2025-01-07T10:50:17.564268+01:00] VideoclubLogger.INFO: Producto incluido {"producto":{"Videoclub\\Modelos\\Soportes\\CintaVideo":{"titulo":"Algo","alquilado":false}}} []
[2025-01-07T10:50:17.565519+01:00] VideoclubLogger.INFO: Listando socio {"socio":{"Videoclub\\Modelos\\Cliente":{"user":"prueba","nombre":"prueba"}}} []
[2025-01-07T10:50:17.565626+01:00] VideoclubLogger.INFO: Listando producto {"producto":{"Videoclub\\Modelos\\Soportes\\CintaVideo":{"titulo":"Taxi driver","alquilado":false}}} []
[2025-01-07T10:50:17.565659+01:00] VideoclubLogger.INFO: Listando producto {"producto":{"Videoclub\\Modelos\\Soportes\\CintaVideo":{"titulo":"Blade runner","alquilado":false}}} []
[2025-01-07T10:50:17.565681+01:00] VideoclubLogger.INFO: Listando producto {"producto":{"Videoclub\\Modelos\\Soportes\\CintaVideo":{"titulo":"Algo","alquilado":false}}} []
[2025-01-07T10:50:17.565709+01:00] VideoclubLogger.INFO: Soporte alquilado correctamente: 1 [] []
[2025-01-07T10:50:17.566118+01:00] VideoclubLogger.INFO: Producto alquilado {"socio":{"Videoclub\\Modelos\\Cliente":{"user":"prueba","nombre":"prueba"}},"producto":{"Videoclub\\Modelos\\Soportes\\CintaVideo":{"titulo":"Taxi driver","alquilado":true}}} []
[2025-01-07T10:50:17.566193+01:00] VideoclubLogger.INFO: Números de alquileres actualizados {"numProductosAlquilados":1,"numTotalAlquileres":2} []
[2025-01-07T10:50:18.287889+01:00] VideoclubLogger.INFO: Socio incluido {"socio":{"Videoclub\\Modelos\\Cliente":{"user":"prueba","nombre":"prueba"}}} []
[2025-01-07T10:50:18.288420+01:00] VideoclubLogger.INFO: Producto incluido {"producto":{"Videoclub\\Modelos\\Soportes\\CintaVideo":{"titulo":"Taxi driver","alquilado":false}}} []
[2025-01-07T10:50:18.288460+01:00] VideoclubLogger.INFO: Producto incluido {"producto":{"Videoclub\\Modelos\\Soportes\\CintaVideo":{"titulo":"Blade runner","alquilado":false}}} []
[2025-01-07T10:50:18.288483+01:00] VideoclubLogger.INFO: Producto incluido {"producto":{"Videoclub\\Modelos\\Soportes\\CintaVideo":{"titulo":"Algo","alquilado":false}}} []
[2025-01-07T10:50:18.288502+01:00] VideoclubLogger.INFO: Listando socio {"socio":{"Videoclub\\Modelos\\Cliente":{"user":"prueba","nombre":"prueba"}}} []
[2025-01-07T10:50:18.288524+01:00] VideoclubLogger.INFO: Listando producto {"producto":{"Videoclub\\Modelos\\Soportes\\CintaVideo":{"titulo":"Taxi driver","alquilado":false}}} []
[2025-01-07T10:50:18.288547+01:00] VideoclubLogger.INFO: Listando producto {"producto":{"Videoclub\\Modelos\\Soportes\\CintaVideo":{"titulo":"Blade runner","alquilado":false}}} []
[2025-01-07T10:50:18.288567+01:00] VideoclubLogger.INFO: Listando producto {"producto":{"Videoclub\\Modelos\\Soportes\\CintaVideo":{"titulo":"Algo","alquilado":false}}} []
[2025-01-07T10:50:18.288590+01:00] VideoclubLogger.INFO: Soporte alquilado correctamente: 1 [] []
[2025-01-07T10:50:18.288736+01:00] VideoclubLogger.INFO: Producto alquilado {"socio":{"Videoclub\\Modelos\\Cliente":{"user":"prueba","nombre":"prueba"}},"producto":{"Videoclub\\Modelos\\Soportes\\CintaVideo":{"titulo":"Taxi driver","alquilado":true}}} []
[2025-01-07T10:50:18.288771+01:00] VideoclubLogger.INFO: Números de alquileres actualizados {"numProductosAlquilados":1,"numTotalAlquileres":2} []
[2025-01-07T10:50:26.168407+01:00] VideoclubLogger.INFO: Socio incluido {"socio":{"Videoclub\\Modelos\\Cliente":{"user":"prueba","nombre":"prueba"}}} []
[2025-01-07T10:50:26.168887+01:00] VideoclubLogger.INFO: Producto incluido {"producto":{"Videoclub\\Modelos\\Soportes\\CintaVideo":{"titulo":"Taxi driver","alquilado":false}}} []
[2025-01-07T10:50:26.168926+01:00] VideoclubLogger.INFO: Producto incluido {"producto":{"Videoclub\\Modelos\\Soportes\\CintaVideo":{"titulo":"Blade runner","alquilado":false}}} []
[2025-01-07T10:50:26.169004+01:00] VideoclubLogger.INFO: Producto incluido {"producto":{"Videoclub\\Modelos\\Soportes\\CintaVideo":{"titulo":"Algo","alquilado":false}}} []
[2025-01-07T10:50:26.169032+01:00] VideoclubLogger.INFO: Listando socio {"socio":{"Videoclub\\Modelos\\Cliente":{"user":"prueba","nombre":"prueba"}}} []
[2025-01-07T10:50:26.169054+01:00] VideoclubLogger.INFO: Listando producto {"producto":{"Videoclub\\Modelos\\Soportes\\CintaVideo":{"titulo":"Taxi driver","alquilado":false}}} []
[2025-01-07T10:50:26.169077+01:00] VideoclubLogger.INFO: Listando producto {"producto":{"Videoclub\\Modelos\\Soportes\\CintaVideo":{"titulo":"Blade runner","alquilado":false}}} []
[2025-01-07T10:50:26.169097+01:00] VideoclubLogger.INFO: Listando producto {"producto":{"Videoclub\\Modelos\\Soportes\\CintaVideo":{"titulo":"Algo","alquilado":false}}} []
[2025-01-07T10:50:26.169119+01:00] VideoclubLogger.INFO: Soporte alquilado correctamente: 1 [] []
[2025-01-07T10:50:26.169224+01:00] VideoclubLogger.INFO: Producto alquilado {"socio":{"Videoclub\\Modelos\\Cliente":{"user":"prueba","nombre":"prueba"}},"producto":{"Videoclub\\Modelos\\Soportes\\CintaVideo":{"titulo":"Taxi driver","alquilado":true}}} []
[2025-01-07T10:50:26.169257+01:00] VideoclubLogger.INFO: Números de alquileres actualizados {"numProductosAlquilados":1,"numTotalAlquileres":2} []
[2025-01-07T10:50:26.169277+01:00] VideoclubLogger.INFO: Soporte alquilado correctamente: 2 [] []
[2025-01-07T10:50:26.169293+01:00] VideoclubLogger.INFO: Producto alquilado {"socio":{"Videoclub\\Modelos\\Cliente":{"user":"prueba","nombre":"prueba"}},"producto":{"Videoclub\\Modelos\\Soportes\\CintaVideo":{"titulo":"Blade runner","alquilado":true}}} []
[2025-01-07T10:50:26.169315+01:00] VideoclubLogger.INFO: Números de alquileres actualizados {"numProductosAlquilados":2,"numTotalAlquileres":1} []
[2025-01-07T10:50:26.169332+01:00] VideoclubLogger.WARNING: Intento de superar el límite de alquileres concurrentes. [] []
[2025-01-07T10:50:26.169666+01:00] VideoclubLogger.WARNING: Exception. Se ha superado el límite de alquileres concurrentes. {"socio":{"Videoclub\\Modelos\\Cliente":{"user":"prueba","nombre":"prueba"}}} []
[2025-01-07T11:25:00.202377+01:00] VideoclubLogger.INFO: Socio incluido {"socio":{"Videoclub\\Modelos\\Cliente":{"user":"prueba","nombre":"prueba"}}} []
[2025-01-07T11:25:00.203238+01:00] VideoclubLogger.INFO: Producto incluido {"producto":{"Videoclub\\Modelos\\Soportes\\CintaVideo":{"titulo":"Taxi driver","alquilado":false}}} []
[2025-01-07T11:25:00.203283+01:00] VideoclubLogger.INFO: Producto incluido {"producto":{"Videoclub\\Modelos\\Soportes\\CintaVideo":{"titulo":"Blade runner","alquilado":false}}} []
[2025-01-07T11:25:00.203307+01:00] VideoclubLogger.INFO: Producto incluido {"producto":{"Videoclub\\Modelos\\Soportes\\CintaVideo":{"titulo":"Madagascar","alquilado":false}}} []
[2025-01-07T11:25:00.203327+01:00] VideoclubLogger.INFO: Producto incluido {"producto":{"Videoclub\\Modelos\\Soportes\\CintaVideo":{"titulo":"Algo","alquilado":false}}} []
[2025-01-07T11:25:00.203346+01:00] VideoclubLogger.INFO: Listando socio {"socio":{"Videoclub\\Modelos\\Cliente":{"user":"prueba","nombre":"prueba"}}} []
[2025-01-07T11:25:00.203368+01:00] VideoclubLogger.INFO: Listando producto {"producto":{"Videoclub\\Modelos\\Soportes\\CintaVideo":{"titulo":"Taxi driver","alquilado":false}}} []
[2025-01-07T11:25:00.203393+01:00] VideoclubLogger.INFO: Listando producto {"producto":{"Videoclub\\Modelos\\Soportes\\CintaVideo":{"titulo":"Blade runner","alquilado":false}}} []
[2025-01-07T11:25:00.203413+01:00] VideoclubLogger.INFO: Listando producto {"producto":{"Videoclub\\Modelos\\Soportes\\CintaVideo":{"titulo":"Madagascar","alquilado":false}}} []
[2025-01-07T11:25:00.203433+01:00] VideoclubLogger.INFO: Listando producto {"producto":{"Videoclub\\Modelos\\Soportes\\CintaVideo":{"titulo":"Algo","alquilado":false}}} []
[2025-01-07T11:25:00.203457+01:00] VideoclubLogger.INFO: Soporte alquilado correctamente: 1 [] []
[2025-01-07T11:25:00.203605+01:00] VideoclubLogger.INFO: Producto alquilado {"socio":{"Videoclub\\Modelos\\Cliente":{"user":"prueba","nombre":"prueba"}},"producto":{"Videoclub\\Modelos\\Soportes\\CintaVideo":{"titulo":"Taxi driver","alquilado":true}}} []
[2025-01-07T11:25:00.203643+01:00] VideoclubLogger.INFO: Números de alquileres actualizados {"numProductosAlquilados":1,"numTotalAlquileres":3} []
[2025-01-07T11:25:00.203663+01:00] VideoclubLogger.INFO: Soporte alquilado correctamente: 2 [] []
[2025-01-07T11:25:00.203679+01:00] VideoclubLogger.INFO: Producto alquilado {"socio":{"Videoclub\\Modelos\\Cliente":{"user":"prueba","nombre":"prueba"}},"producto":{"Videoclub\\Modelos\\Soportes\\CintaVideo":{"titulo":"Blade runner","alquilado":true}}} []
[2025-01-07T11:25:00.203874+01:00] VideoclubLogger.INFO: Números de alquileres actualizados {"numProductosAlquilados":2,"numTotalAlquileres":2} []
[2025-01-07T11:25:00.204069+01:00] VideoclubLogger.INFO: Soporte alquilado correctamente: 3 [] []
[2025-01-07T11:25:00.204091+01:00] VideoclubLogger.INFO: Producto alquilado {"socio":{"Videoclub\\Modelos\\Cliente":{"user":"prueba","nombre":"prueba"}},"producto":{"Videoclub\\Modelos\\Soportes\\CintaVideo":{"titulo":"Madagascar","alquilado":true}}} []
[2025-01-07T11:25:00.204118+01:00] VideoclubLogger.INFO: Números de alquileres actualizados {"numProductosAlquilados":3,"numTotalAlquileres":1} []
[2025-01-07T11:25:00.204137+01:00] VideoclubLogger.WARNING: Intento de superar el límite de alquileres concurrentes. [] []
[2025-01-07T11:25:00.204833+01:00] VideoclubLogger.WARNING: Exception. Se ha superado el límite de alquileres concurrentes. {"socio":{"Videoclub\\Modelos\\Cliente":{"user":"prueba","nombre":"prueba"}}} []
[2025-01-07T11:25:20.413389+01:00] VideoclubLogger.INFO: Socio incluido {"socio":{"Videoclub\\Modelos\\Cliente":{"user":"prueba","nombre":"prueba"}}} []
[2025-01-07T11:25:20.413891+01:00] VideoclubLogger.INFO: Producto incluido {"producto":{"Videoclub\\Modelos\\Soportes\\CintaVideo":{"titulo":"Taxi driver","alquilado":false}}} []
[2025-01-07T11:25:20.413931+01:00] VideoclubLogger.INFO: Producto incluido {"producto":{"Videoclub\\Modelos\\Soportes\\CintaVideo":{"titulo":"Blade runner","alquilado":false}}} []
[2025-01-07T11:25:20.413954+01:00] VideoclubLogger.INFO: Producto incluido {"producto":{"Videoclub\\Modelos\\Soportes\\CintaVideo":{"titulo":"Madagascar","alquilado":false}}} []
[2025-01-07T11:25:20.413974+01:00] VideoclubLogger.INFO: Producto incluido {"producto":{"Videoclub\\Modelos\\Soportes\\CintaVideo":{"titulo":"Algo","alquilado":false}}} []
[2025-01-07T11:25:20.413992+01:00] VideoclubLogger.INFO: Listando socio {"socio":{"Videoclub\\Modelos\\Cliente":{"user":"prueba","nombre":"prueba"}}} []
[2025-01-07T11:25:20.414014+01:00] VideoclubLogger.INFO: Listando producto {"producto":{"Videoclub\\Modelos\\Soportes\\CintaVideo":{"titulo":"Taxi driver","alquilado":false}}} []
[2025-01-07T11:25:20.414037+01:00] VideoclubLogger.INFO: Listando producto {"producto":{"Videoclub\\Modelos\\Soportes\\CintaVideo":{"titulo":"Blade runner","alquilado":false}}} []
[2025-01-07T11:25:20.414057+01:00] VideoclubLogger.INFO: Listando producto {"producto":{"Videoclub\\Modelos\\Soportes\\CintaVideo":{"titulo":"Madagascar","alquilado":false}}} []
[2025-01-07T11:25:20.414076+01:00] VideoclubLogger.INFO: Listando producto {"producto":{"Videoclub\\Modelos\\Soportes\\CintaVideo":{"titulo":"Algo","alquilado":false}}} []
[2025-01-07T11:25:20.414098+01:00] VideoclubLogger.INFO: Soporte alquilado correctamente: 1 [] []
[2025-01-07T11:25:20.414201+01:00] VideoclubLogger.INFO: Producto alquilado {"socio":{"Videoclub\\Modelos\\Cliente":{"user":"prueba","nombre":"prueba"}},"producto":{"Videoclub\\Modelos\\Soportes\\CintaVideo":{"titulo":"Taxi driver","alquilado":true}}} []
[2025-01-07T11:25:20.414234+01:00] VideoclubLogger.INFO: Números de alquileres actualizados {"numProductosAlquilados":1,"numTotalAlquileres":3} []
[2025-01-07T11:25:20.414254+01:00] VideoclubLogger.INFO: Soporte alquilado correctamente: 2 [] []
[2025-01-07T11:25:20.414301+01:00] VideoclubLogger.INFO: Producto alquilado {"socio":{"Videoclub\\Modelos\\Cliente":{"user":"prueba","nombre":"prueba"}},"producto":{"Videoclub\\Modelos\\Soportes\\CintaVideo":{"titulo":"Blade runner","alquilado":true}}} []
[2025-01-07T11:25:20.414327+01:00] VideoclubLogger.INFO: Números de alquileres actualizados {"numProductosAlquilados":2,"numTotalAlquileres":2} []
[2025-01-07T11:25:20.414382+01:00] VideoclubLogger.INFO: Soporte alquilado correctamente: 3 [] []
[2025-01-07T11:25:20.414401+01:00] VideoclubLogger.INFO: Producto alquilado {"socio":{"Videoclub\\Modelos\\Cliente":{"user":"prueba","nombre":"prueba"}},"producto":{"Videoclub\\Modelos\\Soportes\\CintaVideo":{"titulo":"Madagascar","alquilado":true}}} []
[2025-01-07T11:25:20.414424+01:00] VideoclubLogger.INFO: Números de alquileres actualizados {"numProductosAlquilados":3,"numTotalAlquileres":1} []
[2025-01-07T11:25:20.414442+01:00] VideoclubLogger.WARNING: Intento de superar el límite de alquileres concurrentes. [] []
[2025-01-07T11:25:20.414659+01:00] VideoclubLogger.WARNING: Exception. Se ha superado el límite de alquileres concurrentes. {"socio":{"Videoclub\\Modelos\\Cliente":{"user":"prueba","nombre":"prueba"}}} []
[2025-01-07T11:25:27.606835+01:00] VideoclubLogger.INFO: Socio incluido {"socio":{"Videoclub\\Modelos\\Cliente":{"user":"prueba","nombre":"prueba"}}} []
[2025-01-07T11:25:27.607275+01:00] VideoclubLogger.INFO: Producto incluido {"producto":{"Videoclub\\Modelos\\Soportes\\CintaVideo":{"titulo":"Taxi driver","alquilado":false}}} []
[2025-01-07T11:25:27.607353+01:00] VideoclubLogger.INFO: Producto incluido {"producto":{"Videoclub\\Modelos\\Soportes\\CintaVideo":{"titulo":"Blade runner","alquilado":false}}} []
[2025-01-07T11:25:27.607378+01:00] VideoclubLogger.INFO: Producto incluido {"producto":{"Videoclub\\Modelos\\Soportes\\CintaVideo":{"titulo":"Madagascar","alquilado":false}}} []
[2025-01-07T11:25:27.607398+01:00] VideoclubLogger.INFO: Producto incluido {"producto":{"Videoclub\\Modelos\\Soportes\\CintaVideo":{"titulo":"Algo","alquilado":false}}} []
[2025-01-07T11:25:27.607417+01:00] VideoclubLogger.INFO: Listando socio {"socio":{"Videoclub\\Modelos\\Cliente":{"user":"prueba","nombre":"prueba"}}} []
[2025-01-07T11:25:27.607438+01:00] VideoclubLogger.INFO: Listando producto {"producto":{"Videoclub\\Modelos\\Soportes\\CintaVideo":{"titulo":"Taxi driver","alquilado":false}}} []
[2025-01-07T11:25:27.607461+01:00] VideoclubLogger.INFO: Listando producto {"producto":{"Videoclub\\Modelos\\Soportes\\CintaVideo":{"titulo":"Blade runner","alquilado":false}}} []
[2025-01-07T11:25:27.607481+01:00] VideoclubLogger.INFO: Listando producto {"producto":{"Videoclub\\Modelos\\Soportes\\CintaVideo":{"titulo":"Madagascar","alquilado":false}}} []
[2025-01-07T11:25:27.607501+01:00] VideoclubLogger.INFO: Listando producto {"producto":{"Videoclub\\Modelos\\Soportes\\CintaVideo":{"titulo":"Algo","alquilado":false}}} []
[2025-01-07T11:25:27.607523+01:00] VideoclubLogger.INFO: Soporte alquilado correctamente: 1 [] []
[2025-01-07T11:25:27.607630+01:00] VideoclubLogger.INFO: Producto alquilado {"socio":{"Videoclub\\Modelos\\Cliente":{"user":"prueba","nombre":"prueba"}},"producto":{"Videoclub\\Modelos\\Soportes\\CintaVideo":{"titulo":"Taxi driver","alquilado":true}}} []
[2025-01-07T11:25:27.607664+01:00] VideoclubLogger.INFO: Números de alquileres actualizados {"numProductosAlquilados":1,"numTotalAlquileres":3} []
[2025-01-07T11:25:27.607684+01:00] VideoclubLogger.INFO: Soporte alquilado correctamente: 2 [] []
[2025-01-07T11:25:27.607699+01:00] VideoclubLogger.INFO: Producto alquilado {"socio":{"Videoclub\\Modelos\\Cliente":{"user":"prueba","nombre":"prueba"}},"producto":{"Videoclub\\Modelos\\Soportes\\CintaVideo":{"titulo":"Blade runner","alquilado":true}}} []
[2025-01-07T11:25:27.607722+01:00] VideoclubLogger.INFO: Números de alquileres actualizados {"numProductosAlquilados":2,"numTotalAlquileres":2} []
[2025-01-07T11:25:27.607739+01:00] VideoclubLogger.INFO: Soporte alquilado correctamente: 3 [] []
[2025-01-07T11:25:27.607754+01:00] VideoclubLogger.INFO: Producto alquilado {"socio":{"Videoclub\\Modelos\\Cliente":{"user":"prueba","nombre":"prueba"}},"producto":{"Videoclub\\Modelos\\Soportes\\CintaVideo":{"titulo":"Madagascar","alquilado":true}}} []
[2025-01-07T11:25:27.607834+01:00] VideoclubLogger.INFO: Números de alquileres actualizados {"numProductosAlquilados":3,"numTotalAlquileres":1} []
